Start testing: Mar 25 19:13 MSK
----------------------------------------------------------
1/6 Testing: TreeE2E
1/6 Test: TreeE2E
Command: "/usr/bin/bash" "/home/sasha/program/HWT/test/e2e_tests/test.sh" "/home/sasha/program/HWT/build/hwt" "/home/sasha/program/HWT/build/set" "/home/sasha/program/HWT/test/e2e_tests/data"
Directory: /home/sasha/program/HWT/build/test/e2e_tests
"TreeE2E" start time: Mar 25 19:13 MSK
Output:
----------------------------------------------------------
📂 Обработка файла: /home/sasha/program/HWT/test/e2e_tests/data/test1.txt
🔢 Сравнение деревьев:
🔹 Результат AVL: 2 2 0 3 
🔹 Ожидалось SET: 2 2 0 3 
✅ Тест пройден!
-----------------------------------
📂 Обработка файла: /home/sasha/program/HWT/test/e2e_tests/data/test2.txt
🔢 Сравнение деревьев:
🔹 Результат AVL: 13314 43743 40622 52115 47400 48487 25572 445 49776 94399 2287 22455 2062 21086 428 2689 59880 37744 46758 548 57777 15482 20088 8760 25415 20189 28705 28729 26704 8425 20736 83264 3631 25561 624 5742 28583 79454 36983 61075 23296 9484 34693 36201 39073 56162 5123 6502 16732 4975 13480 13318 23986 6647 7365 20102 8418 77967 14195 11938 14355 12516 3132 47819 7237 80019 43361 25573 27354 10113 70906 62804 20540 2822 10718 75411 22857 21071 11892 10134 32627 4442 18959 21923 39783 25205 65722 9922 59448 51452 47771 76432 31232 3433 57211 280 43265 64749 9509 10301 
🔹 Ожидалось SET: 13314 43743 40622 52115 47400 48487 25572 445 49776 94399 2287 22455 2062 21086 428 2689 59880 37744 46758 548 57777 15482 20088 8760 25415 20189 28705 28729 26704 8425 20736 83264 3631 25561 624 5742 28583 79454 36983 61075 23296 9484 34693 36201 39073 56162 5123 6502 16732 4975 13480 13318 23986 6647 7365 20102 8418 77967 14195 11938 14355 12516 3132 47819 7237 80019 43361 25573 27354 10113 70906 62804 20540 2822 10718 75411 22857 21071 11892 10134 32627 4442 18959 21923 39783 25205 65722 9922 59448 51452 47771 76432 31232 3433 57211 280 43265 64749 9509 10301 
✅ Тест пройден!
-----------------------------------
📂 Обработка файла: /home/sasha/program/HWT/test/e2e_tests/data/test3.txt
🔢 Сравнение деревьев:
🔹 Результат AVL: 0 2 0 
🔹 Ожидалось SET: 0 2 0 
✅ Тест пройден!
-----------------------------------
📂 Обработка файла: /home/sasha/program/HWT/test/e2e_tests/data/test4.txt
🔢 Сравнение деревьев:
🔹 Результат AVL: 3 4 0 
🔹 Ожидалось SET: 3 4 0 
✅ Тест пройден!
-----------------------------------
📂 Обработка файла: /home/sasha/program/HWT/test/e2e_tests/data/test5.txt
🔢 Сравнение деревьев:
🔹 Результат AVL: 2 
🔹 Ожидалось SET: 2 
✅ Тест пройден!
-----------------------------------
<end of output>
Test time =   0.51 sec
----------------------------------------------------------
Test Passed.
"TreeE2E" end time: Mar 25 19:13 MSK
"TreeE2E" time elapsed: 00:00:00
----------------------------------------------------------

2/6 Testing: AVL_tree.copy_ctor
2/6 Test: AVL_tree.copy_ctor
Command: "/home/sasha/program/HWT/build/test/unit_tests/hwt_unit_test" "--gtest_filter=AVL_tree.copy_ctor" "--gtest_also_run_disabled_tests"
Directory: /home/sasha/program/HWT/build/test/unit_tests
"AVL_tree.copy_ctor" start time: Mar 25 19:13 MSK
Output:
----------------------------------------------------------
Running main() from /home/sasha/.conan2/p/b/gtest22f3df43d0a7a/b/src/googletest/src/gtest_main.cc
Note: Google Test filter = AVL_tree.copy_ctor
[==========] Running 1 test from 1 test suite.
[----------] Global test environment set-up.
[----------] 1 test from AVL_tree
[ RUN      ] AVL_tree.copy_ctor
[       OK ] AVL_tree.copy_ctor (0 ms)
[----------] 1 test from AVL_tree (0 ms total)

[----------] Global test environment tear-down
[==========] 1 test from 1 test suite ran. (0 ms total)
[  PASSED  ] 1 test.
<end of output>
Test time =   0.00 sec
----------------------------------------------------------
Test Passed.
"AVL_tree.copy_ctor" end time: Mar 25 19:13 MSK
"AVL_tree.copy_ctor" time elapsed: 00:00:00
----------------------------------------------------------

3/6 Testing: AVL_tree.copy_assignment
3/6 Test: AVL_tree.copy_assignment
Command: "/home/sasha/program/HWT/build/test/unit_tests/hwt_unit_test" "--gtest_filter=AVL_tree.copy_assignment" "--gtest_also_run_disabled_tests"
Directory: /home/sasha/program/HWT/build/test/unit_tests
"AVL_tree.copy_assignment" start time: Mar 25 19:13 MSK
Output:
----------------------------------------------------------
Running main() from /home/sasha/.conan2/p/b/gtest22f3df43d0a7a/b/src/googletest/src/gtest_main.cc
Note: Google Test filter = AVL_tree.copy_assignment
[==========] Running 1 test from 1 test suite.
[----------] Global test environment set-up.
[----------] 1 test from AVL_tree
[ RUN      ] AVL_tree.copy_assignment
[       OK ] AVL_tree.copy_assignment (0 ms)
[----------] 1 test from AVL_tree (0 ms total)

[----------] Global test environment tear-down
[==========] 1 test from 1 test suite ran. (0 ms total)
[  PASSED  ] 1 test.
<end of output>
Test time =   0.00 sec
----------------------------------------------------------
Test Passed.
"AVL_tree.copy_assignment" end time: Mar 25 19:13 MSK
"AVL_tree.copy_assignment" time elapsed: 00:00:00
----------------------------------------------------------

4/6 Testing: AVL_tree.move_ctor
4/6 Test: AVL_tree.move_ctor
Command: "/home/sasha/program/HWT/build/test/unit_tests/hwt_unit_test" "--gtest_filter=AVL_tree.move_ctor" "--gtest_also_run_disabled_tests"
Directory: /home/sasha/program/HWT/build/test/unit_tests
"AVL_tree.move_ctor" start time: Mar 25 19:13 MSK
Output:
----------------------------------------------------------
Running main() from /home/sasha/.conan2/p/b/gtest22f3df43d0a7a/b/src/googletest/src/gtest_main.cc
Note: Google Test filter = AVL_tree.move_ctor
[==========] Running 1 test from 1 test suite.
[----------] Global test environment set-up.
[----------] 1 test from AVL_tree
[ RUN      ] AVL_tree.move_ctor
[       OK ] AVL_tree.move_ctor (0 ms)
[----------] 1 test from AVL_tree (0 ms total)

[----------] Global test environment tear-down
[==========] 1 test from 1 test suite ran. (0 ms total)
[  PASSED  ] 1 test.
<end of output>
Test time =   0.00 sec
----------------------------------------------------------
Test Passed.
"AVL_tree.move_ctor" end time: Mar 25 19:13 MSK
"AVL_tree.move_ctor" time elapsed: 00:00:00
----------------------------------------------------------

5/6 Testing: AVL_tree.move_assignment
5/6 Test: AVL_tree.move_assignment
Command: "/home/sasha/program/HWT/build/test/unit_tests/hwt_unit_test" "--gtest_filter=AVL_tree.move_assignment" "--gtest_also_run_disabled_tests"
Directory: /home/sasha/program/HWT/build/test/unit_tests
"AVL_tree.move_assignment" start time: Mar 25 19:13 MSK
Output:
----------------------------------------------------------
Running main() from /home/sasha/.conan2/p/b/gtest22f3df43d0a7a/b/src/googletest/src/gtest_main.cc
Note: Google Test filter = AVL_tree.move_assignment
[==========] Running 1 test from 1 test suite.
[----------] Global test environment set-up.
[----------] 1 test from AVL_tree
[ RUN      ] AVL_tree.move_assignment
[       OK ] AVL_tree.move_assignment (0 ms)
[----------] 1 test from AVL_tree (0 ms total)

[----------] Global test environment tear-down
[==========] 1 test from 1 test suite ran. (0 ms total)
[  PASSED  ] 1 test.
<end of output>
Test time =   0.01 sec
----------------------------------------------------------
Test Passed.
"AVL_tree.move_assignment" end time: Mar 25 19:13 MSK
"AVL_tree.move_assignment" time elapsed: 00:00:00
----------------------------------------------------------

6/6 Testing: AVL_tree.range_based
6/6 Test: AVL_tree.range_based
Command: "/home/sasha/program/HWT/build/test/unit_tests/hwt_unit_test" "--gtest_filter=AVL_tree.range_based" "--gtest_also_run_disabled_tests"
Directory: /home/sasha/program/HWT/build/test/unit_tests
"AVL_tree.range_based" start time: Mar 25 19:13 MSK
Output:
----------------------------------------------------------
Running main() from /home/sasha/.conan2/p/b/gtest22f3df43d0a7a/b/src/googletest/src/gtest_main.cc
Note: Google Test filter = AVL_tree.range_based
[==========] Running 1 test from 1 test suite.
[----------] Global test environment set-up.
[----------] 1 test from AVL_tree
[ RUN      ] AVL_tree.range_based
[       OK ] AVL_tree.range_based (0 ms)
[----------] 1 test from AVL_tree (0 ms total)

[----------] Global test environment tear-down
[==========] 1 test from 1 test suite ran. (0 ms total)
[  PASSED  ] 1 test.
<end of output>
Test time =   0.01 sec
----------------------------------------------------------
Test Passed.
"AVL_tree.range_based" end time: Mar 25 19:13 MSK
"AVL_tree.range_based" time elapsed: 00:00:00
----------------------------------------------------------

End testing: Mar 25 19:13 MSK
